<?xml version="1.0" encoding="UTF-8"?>
<testng-results ignored="0" total="2" passed="2" failed="0" skipped="0">
  <reporter-output>
  </reporter-output>
  <suite started-at="2022-05-03T19:20:25 NPT" name="Default suite" finished-at="2022-05-03T19:20:42 NPT" duration-ms="16519">
    <groups>
    </groups>
    <test started-at="2022-05-03T19:20:25 NPT" name="Default test" finished-at="2022-05-03T19:20:42 NPT" duration-ms="16519">
      <class name="Login.NegativeTestCases">
        <test-method signature="DataProvSampleTest(java.lang.String,java.lang.String,java.lang.String)[pri:0, instance:Login.NegativeTestCases@740cae06]" started-at="2022-05-03T19:20:25 NPT" name="DataProvSampleTest" data-provider="data-set" finished-at="2022-05-03T19:20:35 NPT" duration-ms="9393" status="PASS">
          <params>
            <param index="0">
              <value>
                <![CDATA[valid]]>
              </value>
            </param>
            <param index="1">
              <value>
                <![CDATA[admin]]>
              </value>
            </param>
            <param index="2">
              <value>
                <![CDATA[admin]]>
              </value>
            </param>
          </params>
          <reporter-output>
          </reporter-output>
        </test-method> <!-- DataProvSampleTest -->
        <test-method signature="DataProvSampleTest(java.lang.String,java.lang.String,java.lang.String)[pri:0, instance:Login.NegativeTestCases@740cae06]" started-at="2022-05-03T19:20:35 NPT" name="DataProvSampleTest" data-provider="data-set" finished-at="2022-05-03T19:20:42 NPT" duration-ms="7075" status="PASS">
          <params>
            <param index="0">
              <value>
                <![CDATA[invalid]]>
              </value>
            </param>
            <param index="1">
              <value>
                <![CDATA[admin1]]>
              </value>
            </param>
            <param index="2">
              <value>
                <![CDATA[admin]]>
              </value>
            </param>
          </params>
          <reporter-output>
          </reporter-output>
        </test-method> <!-- DataProvSampleTest -->
      </class> <!-- Login.NegativeTestCases -->
    </test> <!-- Default test -->
  </suite> <!-- Default suite -->
</testng-results>
